# JRE version: Java(TM) SE Runtime Environment (21.0.5+9) (build 21.0.5+9-LTS-239)
# Java VM: Java HotSpot(TM) 64-Bit Server VM (21.0.5+9-LTS-239, mixed mode, sharing, tiered, compressed oops, compressed class ptrs, g1 gc, windows-amd64)
GC Precious Log:
 CardTable entry size: 512
 Card Set container configuration: InlinePtr #cards 5 size 8 Array Of Cards #cards 12 size 40 Howl #buckets 4 coarsen threshold 1843 Howl Bitmap #cards 512 size 80 coarsen threshold 460 Card regions per heap region 1 cards per card region 2048
 CPUs: 8 total, 8 available
 Memory: 16198M
 Large Page Support: Disabled
 NUMA Support: Disabled
 Compressed Oops: Enabled (32-bit)
 Heap Region Size: 1M
 Heap Min Capacity: 8M
 Heap Initial Capacity: 254M
 Heap Max Capacity: 2G
 Pre-touch: Disabled
 Parallel Workers: 8
 Concurrent Workers: 2
 Concurrent Refinement Workers: 8
 Periodic GC: Disabled
Heap:
 garbage-first heap   total 416768K, used 291031K [0x0000000080000000, 0x0000000100000000)
  region size 1024K, 74 young (75776K), 22 survivors (22528K)
 Metaspace       used 123945K, committed 127104K, reserved 557056K
  class space    used 17168K, committed 18752K, reserved 425984K
GC Heap History (20 events):
Event: 40.468 GC heap before
{Heap before GC invocations=48 (full 0):
 garbage-first heap   total 258048K, used 228980K [0x0000000080000000, 0x0000000100000000)
  region size 1024K, 86 young (88064K), 9 survivors (9216K)
 Metaspace       used 113310K, committed 116160K, reserved 557056K
  class space    used 15812K, committed 17216K, reserved 425984K
}
Event: 40.481 GC heap after
{Heap after GC invocations=49 (full 0):
 garbage-first heap   total 258048K, used 154745K [0x0000000080000000, 0x0000000100000000)
  region size 1024K, 5 young (5120K), 5 survivors (5120K)
 Metaspace       used 113310K, committed 116160K, reserved 557056K
  class space    used 15812K, committed 17216K, reserved 425984K
}
Event: 40.687 GC heap before
{Heap before GC invocations=49 (full 0):
 garbage-first heap   total 258048K, used 170105K [0x0000000080000000, 0x0000000100000000)
  region size 1024K, 22 young (22528K), 5 survivors (5120K)
 Metaspace       used 113400K, committed 116288K, reserved 557056K
  class space    used 15827K, committed 17280K, reserved 425984K
}
Event: 40.693 GC heap after
{Heap after GC invocations=50 (full 0):
 garbage-first heap   total 258048K, used 157609K [0x0000000080000000, 0x0000000100000000)
  region size 1024K, 8 young (8192K), 8 survivors (8192K)
 Metaspace       used 113400K, committed 116288K, reserved 557056K
  class space    used 15827K, committed 17280K, reserved 425984K
}
Event: 41.509 GC heap before
{Heap before GC invocations=51 (full 0):
 garbage-first heap   total 281600K, used 233385K [0x0000000080000000, 0x0000000100000000)
  region size 1024K, 81 young (82944K), 8 survivors (8192K)
 Metaspace       used 113967K, committed 116800K, reserved 557056K
  class space    used 15903K, committed 17344K, reserved 425984K
}
Event: 41.522 GC heap after
{Heap after GC invocations=52 (full 0):
 garbage-first heap   total 281600K, used 165888K [0x0000000080000000, 0x0000000100000000)
  region size 1024K, 11 young (11264K), 11 survivors (11264K)
 Metaspace       used 113967K, committed 116800K, reserved 557056K
  class space    used 15903K, committed 17344K, reserved 425984K
}
Event: 42.403 GC heap before
{Heap before GC invocations=52 (full 0):
 garbage-first heap   total 281600K, used 249856K [0x0000000080000000, 0x0000000100000000)
  region size 1024K, 91 young (93184K), 11 survivors (11264K)
 Metaspace       used 114502K, committed 117440K, reserved 557056K
  class space    used 15962K, committed 17408K, reserved 425984K
}
Event: 42.419 GC heap after
{Heap after GC invocations=53 (full 0):
 garbage-first heap   total 281600K, used 175429K [0x0000000080000000, 0x0000000100000000)
  region size 1024K, 12 young (12288K), 12 survivors (12288K)
 Metaspace       used 114502K, committed 117440K, reserved 557056K
  class space    used 15962K, committed 17408K, reserved 425984K
}
Event: 43.980 GC heap before
{Heap before GC invocations=53 (full 0):
 garbage-first heap   total 281600K, used 250181K [0x0000000080000000, 0x0000000100000000)
  region size 1024K, 86 young (88064K), 12 survivors (12288K)
 Metaspace       used 115400K, committed 118400K, reserved 557056K
  class space    used 16078K, committed 17600K, reserved 425984K
}
Event: 44.000 GC heap after
{Heap after GC invocations=54 (full 0):
 garbage-first heap   total 281600K, used 184484K [0x0000000080000000, 0x0000000100000000)
  region size 1024K, 11 young (11264K), 11 survivors (11264K)
 Metaspace       used 115400K, committed 118400K, reserved 557056K
  class space    used 16078K, committed 17600K, reserved 425984K
}
Event: 44.678 GC heap before
{Heap before GC invocations=55 (full 0):
 garbage-first heap   total 347136K, used 250020K [0x0000000080000000, 0x0000000100000000)
  region size 1024K, 76 young (77824K), 11 survivors (11264K)
 Metaspace       used 115402K, committed 118400K, reserved 557056K
  class space    used 16078K, committed 17600K, reserved 425984K
}
Event: 44.692 GC heap after
{Heap after GC invocations=56 (full 0):
 garbage-first heap   total 347136K, used 186010K [0x0000000080000000, 0x0000000100000000)
  region size 1024K, 5 young (5120K), 5 survivors (5120K)
 Metaspace       used 115402K, committed 118400K, reserved 557056K
  class space    used 16078K, committed 17600K, reserved 425984K
}
Event: 46.329 GC heap before
{Heap before GC invocations=56 (full 0):
 garbage-first heap   total 347136K, used 311962K [0x0000000080000000, 0x0000000100000000)
  region size 1024K, 126 young (129024K), 5 survivors (5120K)
 Metaspace       used 115676K, committed 118656K, reserved 557056K
  class space    used 16115K, committed 17600K, reserved 425984K
}
Event: 46.344 GC heap after
{Heap after GC invocations=57 (full 0):
 garbage-first heap   total 416768K, used 197951K [0x0000000080000000, 0x0000000100000000)
  region size 1024K, 16 young (16384K), 16 survivors (16384K)
 Metaspace       used 115676K, committed 118656K, reserved 557056K
  class space    used 16115K, committed 17600K, reserved 425984K
}
Event: 47.766 GC heap before
{Heap before GC invocations=57 (full 0):
 garbage-first heap   total 416768K, used 369983K [0x0000000080000000, 0x0000000100000000)
  region size 1024K, 181 young (185344K), 16 survivors (16384K)
 Metaspace       used 116141K, committed 119232K, reserved 557056K
  class space    used 16177K, committed 17728K, reserved 425984K
}
Event: 47.786 GC heap after
{Heap after GC invocations=58 (full 0):
 garbage-first heap   total 416768K, used 213528K [0x0000000080000000, 0x0000000100000000)
  region size 1024K, 14 young (14336K), 14 survivors (14336K)
 Metaspace       used 116141K, committed 119232K, reserved 557056K
  class space    used 16177K, committed 17728K, reserved 425984K
}
Event: 49.121 GC heap before
{Heap before GC invocations=58 (full 0):
 garbage-first heap   total 416768K, used 281112K [0x0000000080000000, 0x0000000100000000)
  region size 1024K, 82 young (83968K), 14 survivors (14336K)
 Metaspace       used 116186K, committed 119232K, reserved 557056K
  class space    used 16184K, committed 17728K, reserved 425984K
}
Event: 49.131 GC heap after
{Heap after GC invocations=59 (full 0):
 garbage-first heap   total 416768K, used 214896K [0x0000000080000000, 0x0000000100000000)
  region size 1024K, 5 young (5120K), 5 survivors (5120K)
 Metaspace       used 116186K, committed 119232K, reserved 557056K
  class space    used 16184K, committed 17728K, reserved 425984K
}
Event: 51.981 GC heap before
{Heap before GC invocations=60 (full 0):
 garbage-first heap   total 416768K, used 383856K [0x0000000080000000, 0x0000000100000000)
  region size 1024K, 169 young (173056K), 5 survivors (5120K)
 Metaspace       used 123513K, committed 126656K, reserved 557056K
  class space    used 17140K, committed 18688K, reserved 425984K
}
Event: 52.004 GC heap after
{Heap after GC invocations=61 (full 0):
 garbage-first heap   total 416768K, used 238807K [0x0000000080000000, 0x0000000100000000)
  region size 1024K, 22 young (22528K), 22 survivors (22528K)
 Metaspace       used 123513K, committed 126656K, reserved 557056K
  class space    used 17140K, committed 18688K, reserved 425984K
}

